<?xml version="1.0" encoding="UTF-8"?>
<testng-results ignored="0" total="2" passed="2" failed="0" skipped="0">
  <reporter-output>
  </reporter-output>
  <suite started-at="2022-11-28T12:42:42 EET" name="Default suite" finished-at="2022-11-28T12:42:50 EET" duration-ms="7714">
    <groups>
    </groups>
    <test started-at="2022-11-28T12:42:42 EET" name="Default test" finished-at="2022-11-28T12:42:50 EET" duration-ms="7714">
      <class name="sss.Test_One_for_SmartBuy">
        <test-method is-config="true" signature="this_befor_test()[pri:0, instance:sss.Test_One_for_SmartBuy@6356695f]" started-at="2022-11-28T12:42:42 EET" name="this_befor_test" finished-at="2022-11-28T12:42:48 EET" duration-ms="5694" status="PASS">
          <reporter-output>
          </reporter-output>
        </test-method> <!-- this_befor_test -->
        <test-method signature="SAMSUNG_50_inch()[pri:0, instance:sss.Test_One_for_SmartBuy@6356695f]" started-at="2022-11-28T12:42:48 EET" name="SAMSUNG_50_inch" finished-at="2022-11-28T12:42:50 EET" duration-ms="1940" status="PASS">
          <reporter-output>
          </reporter-output>
        </test-method> <!-- SAMSUNG_50_inch -->
        <test-method signature="we_need_to_check_the_correct_price()[pri:0, instance:sss.Test_One_for_SmartBuy@6356695f]" started-at="2022-11-28T12:42:50 EET" name="we_need_to_check_the_correct_price" finished-at="2022-11-28T12:42:50 EET" duration-ms="51" status="PASS">
          <reporter-output>
          </reporter-output>
        </test-method> <!-- we_need_to_check_the_correct_price -->
      </class> <!-- sss.Test_One_for_SmartBuy -->
    </test> <!-- Default test -->
  </suite> <!-- Default suite -->
</testng-results>
